CRITICAL - 2024-03-10 02:24:23 --> ParseError: syntax error, unexpected token "}", expecting ";"
in APPPATH\Controllers\Home.php on line 10.
 1 SYSTEMPATH\Autoloader\Autoloader.php(290): CodeIgniter\Autoloader\Autoloader->includeFile('D:\\MATKUL PRAKTEK\\Semester 4\\PBF\\ci-news\\app\\Controllers\\Home.php')
 2 SYSTEMPATH\Autoloader\Autoloader.php(266): CodeIgniter\Autoloader\Autoloader->loadInNamespace('App\\Controllers\\Home')
 3 [internal function]: CodeIgniter\Autoloader\Autoloader->loadClass('App\\Controllers\\Home')
 4 SYSTEMPATH\CodeIgniter.php(899): class_exists('\\App\\Controllers\\Home', true)
 5 SYSTEMPATH\CodeIgniter.php(489): CodeIgniter\CodeIgniter->startController()
 6 SYSTEMPATH\CodeIgniter.php(361): CodeIgniter\CodeIgniter->handleRequest(null, Object(Config\Cache), false)
 7 FCPATH\index.php(79): CodeIgniter\CodeIgniter->run()
 8 SYSTEMPATH\Commands\Server\rewrite.php(47): require_once('D:\\MATKUL PRAKTEK\\Semester 4\\PBF\\ci-news\\public\\index.php')
CRITICAL - 2024-03-10 03:24:54 --> CodeIgniter\View\Exceptions\ViewException: Invalid file: "templates/header.php"
in SYSTEMPATH\Exceptions\FrameworkException.php on line 39.
 1 SYSTEMPATH\View\View.php(216): CodeIgniter\Exceptions\FrameworkException::forInvalidFile('templates/header.php')
 2 SYSTEMPATH\Common.php(1178): CodeIgniter\View\View->render('templates/header', [], true)
 3 APPPATH\Controllers\News.php(18): view('templates/header', [...])
 4 SYSTEMPATH\CodeIgniter.php(941): App\Controllers\News->index()
 5 SYSTEMPATH\CodeIgniter.php(502): CodeIgniter\CodeIgniter->runController(Object(App\Controllers\News))
 6 SYSTEMPATH\CodeIgniter.php(361): CodeIgniter\CodeIgniter->handleRequest(null, Object(Config\Cache), false)
 7 FCPATH\index.php(79): CodeIgniter\CodeIgniter->run()
 8 SYSTEMPATH\Commands\Server\rewrite.php(47): require_once('D:\\MATKUL PRAKTEK\\Semester 4\\PBF\\ci-news\\public\\index.php')
CRITICAL - 2024-03-10 03:25:19 --> CodeIgniter\View\Exceptions\ViewException: Invalid file: "templates/header.php"
in SYSTEMPATH\Exceptions\FrameworkException.php on line 39.
 1 SYSTEMPATH\View\View.php(216): CodeIgniter\Exceptions\FrameworkException::forInvalidFile('templates/header.php')
 2 SYSTEMPATH\Common.php(1178): CodeIgniter\View\View->render('templates/header', [], true)
 3 APPPATH\Controllers\News.php(18): view('templates/header', [...])
 4 SYSTEMPATH\CodeIgniter.php(941): App\Controllers\News->index()
 5 SYSTEMPATH\CodeIgniter.php(502): CodeIgniter\CodeIgniter->runController(Object(App\Controllers\News))
 6 SYSTEMPATH\CodeIgniter.php(361): CodeIgniter\CodeIgniter->handleRequest(null, Object(Config\Cache), false)
 7 FCPATH\index.php(79): CodeIgniter\CodeIgniter->run()
 8 SYSTEMPATH\Commands\Server\rewrite.php(47): require_once('D:\\MATKUL PRAKTEK\\Semester 4\\PBF\\ci-news\\public\\index.php')
CRITICAL - 2024-03-10 03:26:47 --> CodeIgniter\View\Exceptions\ViewException: Invalid file: "templates/header.php"
in SYSTEMPATH\Exceptions\FrameworkException.php on line 39.
 1 SYSTEMPATH\View\View.php(216): CodeIgniter\Exceptions\FrameworkException::forInvalidFile('templates/header.php')
 2 SYSTEMPATH\Common.php(1178): CodeIgniter\View\View->render('templates/header', [], true)
 3 APPPATH\Controllers\News.php(18): view('templates/header', [...])
 4 SYSTEMPATH\CodeIgniter.php(941): App\Controllers\News->index()
 5 SYSTEMPATH\CodeIgniter.php(502): CodeIgniter\CodeIgniter->runController(Object(App\Controllers\News))
 6 SYSTEMPATH\CodeIgniter.php(361): CodeIgniter\CodeIgniter->handleRequest(null, Object(Config\Cache), false)
 7 FCPATH\index.php(79): CodeIgniter\CodeIgniter->run()
 8 SYSTEMPATH\Commands\Server\rewrite.php(47): require_once('D:\\MATKUL PRAKTEK\\Semester 4\\PBF\\ci-news\\public\\index.php')
CRITICAL - 2024-03-10 04:28:20 --> Error: Class "app\Controllers\BaseController" not found
in APPPATH\Controllers\Admin\Users.php on line 5.
 1 SYSTEMPATH\Autoloader\Autoloader.php(311): include_once()
 2 SYSTEMPATH\Autoloader\Autoloader.php(290): CodeIgniter\Autoloader\Autoloader->includeFile('D:\\MATKUL PRAKTEK\\Semester 4\\PBF\\ci-news\\app\\Controllers\\Admin\\Users.php')
 3 SYSTEMPATH\Autoloader\Autoloader.php(266): CodeIgniter\Autoloader\Autoloader->loadInNamespace('App\\Controllers\\Admin\\Users')
 4 [internal function]: CodeIgniter\Autoloader\Autoloader->loadClass('App\\Controllers\\Admin\\Users')
 5 SYSTEMPATH\CodeIgniter.php(899): class_exists('\\App\\Controllers\\Admin\\Users', true)
 6 SYSTEMPATH\CodeIgniter.php(489): CodeIgniter\CodeIgniter->startController()
 7 SYSTEMPATH\CodeIgniter.php(361): CodeIgniter\CodeIgniter->handleRequest(null, Object(Config\Cache), false)
 8 FCPATH\index.php(79): CodeIgniter\CodeIgniter->run()
 9 SYSTEMPATH\Commands\Server\rewrite.php(47): require_once('D:\\MATKUL PRAKTEK\\Semester 4\\PBF\\ci-news\\public\\index.php')
CRITICAL - 2024-03-10 04:28:39 --> Error: Class "app\Controllers\BaseController" not found
in APPPATH\Controllers\Admin\Users.php on line 5.
 1 SYSTEMPATH\Autoloader\Autoloader.php(311): include_once()
 2 SYSTEMPATH\Autoloader\Autoloader.php(290): CodeIgniter\Autoloader\Autoloader->includeFile('D:\\MATKUL PRAKTEK\\Semester 4\\PBF\\ci-news\\app\\Controllers\\Admin\\Users.php')
 3 SYSTEMPATH\Autoloader\Autoloader.php(266): CodeIgniter\Autoloader\Autoloader->loadInNamespace('App\\Controllers\\Admin\\Users')
 4 [internal function]: CodeIgniter\Autoloader\Autoloader->loadClass('App\\Controllers\\Admin\\Users')
 5 SYSTEMPATH\CodeIgniter.php(899): class_exists('\\App\\Controllers\\Admin\\Users', true)
 6 SYSTEMPATH\CodeIgniter.php(489): CodeIgniter\CodeIgniter->startController()
 7 SYSTEMPATH\CodeIgniter.php(361): CodeIgniter\CodeIgniter->handleRequest(null, Object(Config\Cache), false)
 8 FCPATH\index.php(79): CodeIgniter\CodeIgniter->run()
 9 SYSTEMPATH\Commands\Server\rewrite.php(47): require_once('D:\\MATKUL PRAKTEK\\Semester 4\\PBF\\ci-news\\public\\index.php')
CRITICAL - 2024-03-10 04:28:40 --> Error: Class "app\Controllers\BaseController" not found
in APPPATH\Controllers\Admin\Users.php on line 5.
 1 SYSTEMPATH\Autoloader\Autoloader.php(311): include_once()
 2 SYSTEMPATH\Autoloader\Autoloader.php(290): CodeIgniter\Autoloader\Autoloader->includeFile('D:\\MATKUL PRAKTEK\\Semester 4\\PBF\\ci-news\\app\\Controllers\\Admin\\Users.php')
 3 SYSTEMPATH\Autoloader\Autoloader.php(266): CodeIgniter\Autoloader\Autoloader->loadInNamespace('App\\Controllers\\Admin\\Users')
 4 [internal function]: CodeIgniter\Autoloader\Autoloader->loadClass('App\\Controllers\\Admin\\Users')
 5 SYSTEMPATH\CodeIgniter.php(899): class_exists('\\App\\Controllers\\Admin\\Users', true)
 6 SYSTEMPATH\CodeIgniter.php(489): CodeIgniter\CodeIgniter->startController()
 7 SYSTEMPATH\CodeIgniter.php(361): CodeIgniter\CodeIgniter->handleRequest(null, Object(Config\Cache), false)
 8 FCPATH\index.php(79): CodeIgniter\CodeIgniter->run()
 9 SYSTEMPATH\Commands\Server\rewrite.php(47): require_once('D:\\MATKUL PRAKTEK\\Semester 4\\PBF\\ci-news\\public\\index.php')
CRITICAL - 2024-03-10 04:28:40 --> Error: Class "app\Controllers\BaseController" not found
in APPPATH\Controllers\Admin\Users.php on line 5.
 1 SYSTEMPATH\Autoloader\Autoloader.php(311): include_once()
 2 SYSTEMPATH\Autoloader\Autoloader.php(290): CodeIgniter\Autoloader\Autoloader->includeFile('D:\\MATKUL PRAKTEK\\Semester 4\\PBF\\ci-news\\app\\Controllers\\Admin\\Users.php')
 3 SYSTEMPATH\Autoloader\Autoloader.php(266): CodeIgniter\Autoloader\Autoloader->loadInNamespace('App\\Controllers\\Admin\\Users')
 4 [internal function]: CodeIgniter\Autoloader\Autoloader->loadClass('App\\Controllers\\Admin\\Users')
 5 SYSTEMPATH\CodeIgniter.php(899): class_exists('\\App\\Controllers\\Admin\\Users', true)
 6 SYSTEMPATH\CodeIgniter.php(489): CodeIgniter\CodeIgniter->startController()
 7 SYSTEMPATH\CodeIgniter.php(361): CodeIgniter\CodeIgniter->handleRequest(null, Object(Config\Cache), false)
 8 FCPATH\index.php(79): CodeIgniter\CodeIgniter->run()
 9 SYSTEMPATH\Commands\Server\rewrite.php(47): require_once('D:\\MATKUL PRAKTEK\\Semester 4\\PBF\\ci-news\\public\\index.php')
CRITICAL - 2024-03-10 04:28:52 --> Error: Class "app\Controllers\BaseController" not found
in APPPATH\Controllers\Admin\Users.php on line 6.
 1 SYSTEMPATH\Autoloader\Autoloader.php(311): include_once()
 2 SYSTEMPATH\Autoloader\Autoloader.php(290): CodeIgniter\Autoloader\Autoloader->includeFile('D:\\MATKUL PRAKTEK\\Semester 4\\PBF\\ci-news\\app\\Controllers\\Admin\\Users.php')
 3 SYSTEMPATH\Autoloader\Autoloader.php(266): CodeIgniter\Autoloader\Autoloader->loadInNamespace('App\\Controllers\\Admin\\Users')
 4 [internal function]: CodeIgniter\Autoloader\Autoloader->loadClass('App\\Controllers\\Admin\\Users')
 5 SYSTEMPATH\CodeIgniter.php(899): class_exists('\\App\\Controllers\\Admin\\Users', true)
 6 SYSTEMPATH\CodeIgniter.php(489): CodeIgniter\CodeIgniter->startController()
 7 SYSTEMPATH\CodeIgniter.php(361): CodeIgniter\CodeIgniter->handleRequest(null, Object(Config\Cache), false)
 8 FCPATH\index.php(79): CodeIgniter\CodeIgniter->run()
 9 SYSTEMPATH\Commands\Server\rewrite.php(47): require_once('D:\\MATKUL PRAKTEK\\Semester 4\\PBF\\ci-news\\public\\index.php')
CRITICAL - 2024-03-10 04:28:54 --> Error: Class "app\Controllers\BaseController" not found
in APPPATH\Controllers\Admin\Users.php on line 6.
 1 SYSTEMPATH\Autoloader\Autoloader.php(311): include_once()
 2 SYSTEMPATH\Autoloader\Autoloader.php(290): CodeIgniter\Autoloader\Autoloader->includeFile('D:\\MATKUL PRAKTEK\\Semester 4\\PBF\\ci-news\\app\\Controllers\\Admin\\Users.php')
 3 SYSTEMPATH\Autoloader\Autoloader.php(266): CodeIgniter\Autoloader\Autoloader->loadInNamespace('App\\Controllers\\Admin\\Users')
 4 [internal function]: CodeIgniter\Autoloader\Autoloader->loadClass('App\\Controllers\\Admin\\Users')
 5 SYSTEMPATH\CodeIgniter.php(899): class_exists('\\App\\Controllers\\Admin\\Users', true)
 6 SYSTEMPATH\CodeIgniter.php(489): CodeIgniter\CodeIgniter->startController()
 7 SYSTEMPATH\CodeIgniter.php(361): CodeIgniter\CodeIgniter->handleRequest(null, Object(Config\Cache), false)
 8 FCPATH\index.php(79): CodeIgniter\CodeIgniter->run()
 9 SYSTEMPATH\Commands\Server\rewrite.php(47): require_once('D:\\MATKUL PRAKTEK\\Semester 4\\PBF\\ci-news\\public\\index.php')
CRITICAL - 2024-03-10 04:29:08 --> Error: Class "App\Controllers\Admin\BaseController" not found
in APPPATH\Controllers\Admin\Users.php on line 6.
 1 SYSTEMPATH\Autoloader\Autoloader.php(311): include_once()
 2 SYSTEMPATH\Autoloader\Autoloader.php(290): CodeIgniter\Autoloader\Autoloader->includeFile('D:\\MATKUL PRAKTEK\\Semester 4\\PBF\\ci-news\\app\\Controllers\\Admin\\Users.php')
 3 SYSTEMPATH\Autoloader\Autoloader.php(266): CodeIgniter\Autoloader\Autoloader->loadInNamespace('App\\Controllers\\Admin\\Users')
 4 [internal function]: CodeIgniter\Autoloader\Autoloader->loadClass('App\\Controllers\\Admin\\Users')
 5 SYSTEMPATH\CodeIgniter.php(899): class_exists('\\App\\Controllers\\Admin\\Users', true)
 6 SYSTEMPATH\CodeIgniter.php(489): CodeIgniter\CodeIgniter->startController()
 7 SYSTEMPATH\CodeIgniter.php(361): CodeIgniter\CodeIgniter->handleRequest(null, Object(Config\Cache), false)
 8 FCPATH\index.php(79): CodeIgniter\CodeIgniter->run()
 9 SYSTEMPATH\Commands\Server\rewrite.php(47): require_once('D:\\MATKUL PRAKTEK\\Semester 4\\PBF\\ci-news\\public\\index.php')
CRITICAL - 2024-03-10 04:29:34 --> Error: Class "app\Controllers\BaseController" not found
in APPPATH\Controllers\Admin\Users.php on line 6.
 1 SYSTEMPATH\Autoloader\Autoloader.php(311): include_once()
 2 SYSTEMPATH\Autoloader\Autoloader.php(290): CodeIgniter\Autoloader\Autoloader->includeFile('D:\\MATKUL PRAKTEK\\Semester 4\\PBF\\ci-news\\app\\Controllers\\Admin\\Users.php')
 3 SYSTEMPATH\Autoloader\Autoloader.php(266): CodeIgniter\Autoloader\Autoloader->loadInNamespace('App\\Controllers\\Admin\\Users')
 4 [internal function]: CodeIgniter\Autoloader\Autoloader->loadClass('App\\Controllers\\Admin\\Users')
 5 SYSTEMPATH\CodeIgniter.php(899): class_exists('\\App\\Controllers\\Admin\\Users', true)
 6 SYSTEMPATH\CodeIgniter.php(489): CodeIgniter\CodeIgniter->startController()
 7 SYSTEMPATH\CodeIgniter.php(361): CodeIgniter\CodeIgniter->handleRequest(null, Object(Config\Cache), false)
 8 FCPATH\index.php(79): CodeIgniter\CodeIgniter->run()
 9 SYSTEMPATH\Commands\Server\rewrite.php(47): require_once('D:\\MATKUL PRAKTEK\\Semester 4\\PBF\\ci-news\\public\\index.php')
CRITICAL - 2024-03-10 04:29:35 --> Error: Class "app\Controllers\BaseController" not found
in APPPATH\Controllers\Admin\Users.php on line 6.
 1 SYSTEMPATH\Autoloader\Autoloader.php(311): include_once()
 2 SYSTEMPATH\Autoloader\Autoloader.php(290): CodeIgniter\Autoloader\Autoloader->includeFile('D:\\MATKUL PRAKTEK\\Semester 4\\PBF\\ci-news\\app\\Controllers\\Admin\\Users.php')
 3 SYSTEMPATH\Autoloader\Autoloader.php(266): CodeIgniter\Autoloader\Autoloader->loadInNamespace('App\\Controllers\\Admin\\Users')
 4 [internal function]: CodeIgniter\Autoloader\Autoloader->loadClass('App\\Controllers\\Admin\\Users')
 5 SYSTEMPATH\CodeIgniter.php(899): class_exists('\\App\\Controllers\\Admin\\Users', true)
 6 SYSTEMPATH\CodeIgniter.php(489): CodeIgniter\CodeIgniter->startController()
 7 SYSTEMPATH\CodeIgniter.php(361): CodeIgniter\CodeIgniter->handleRequest(null, Object(Config\Cache), false)
 8 FCPATH\index.php(79): CodeIgniter\CodeIgniter->run()
 9 SYSTEMPATH\Commands\Server\rewrite.php(47): require_once('D:\\MATKUL PRAKTEK\\Semester 4\\PBF\\ci-news\\public\\index.php')
CRITICAL - 2024-03-10 04:29:35 --> Error: Class "app\Controllers\BaseController" not found
in APPPATH\Controllers\Admin\Users.php on line 6.
 1 SYSTEMPATH\Autoloader\Autoloader.php(311): include_once()
 2 SYSTEMPATH\Autoloader\Autoloader.php(290): CodeIgniter\Autoloader\Autoloader->includeFile('D:\\MATKUL PRAKTEK\\Semester 4\\PBF\\ci-news\\app\\Controllers\\Admin\\Users.php')
 3 SYSTEMPATH\Autoloader\Autoloader.php(266): CodeIgniter\Autoloader\Autoloader->loadInNamespace('App\\Controllers\\Admin\\Users')
 4 [internal function]: CodeIgniter\Autoloader\Autoloader->loadClass('App\\Controllers\\Admin\\Users')
 5 SYSTEMPATH\CodeIgniter.php(899): class_exists('\\App\\Controllers\\Admin\\Users', true)
 6 SYSTEMPATH\CodeIgniter.php(489): CodeIgniter\CodeIgniter->startController()
 7 SYSTEMPATH\CodeIgniter.php(361): CodeIgniter\CodeIgniter->handleRequest(null, Object(Config\Cache), false)
 8 FCPATH\index.php(79): CodeIgniter\CodeIgniter->run()
 9 SYSTEMPATH\Commands\Server\rewrite.php(47): require_once('D:\\MATKUL PRAKTEK\\Semester 4\\PBF\\ci-news\\public\\index.php')
CRITICAL - 2024-03-10 04:37:55 --> CodeIgniter\View\Exceptions\ViewException: Invalid file: "home.php"
in SYSTEMPATH\Exceptions\FrameworkException.php on line 39.
 1 SYSTEMPATH\View\View.php(216): CodeIgniter\Exceptions\FrameworkException::forInvalidFile('home.php')
 2 SYSTEMPATH\Common.php(1178): CodeIgniter\View\View->render('home', [], true)
 3 APPPATH\Controllers\Pages.php(9): view('home')
 4 SYSTEMPATH\CodeIgniter.php(941): App\Controllers\Pages->home()
 5 SYSTEMPATH\CodeIgniter.php(502): CodeIgniter\CodeIgniter->runController(Object(App\Controllers\Pages))
 6 SYSTEMPATH\CodeIgniter.php(361): CodeIgniter\CodeIgniter->handleRequest(null, Object(Config\Cache), false)
 7 FCPATH\index.php(79): CodeIgniter\CodeIgniter->run()
 8 SYSTEMPATH\Commands\Server\rewrite.php(47): require_once('D:\\MATKUL PRAKTEK\\Semester 4\\PBF\\ci-news\\public\\index.php')
CRITICAL - 2024-03-10 04:38:07 --> CodeIgniter\View\Exceptions\ViewException: Invalid file: "/home.php"
in SYSTEMPATH\Exceptions\FrameworkException.php on line 39.
 1 SYSTEMPATH\View\View.php(216): CodeIgniter\Exceptions\FrameworkException::forInvalidFile('/home.php')
 2 SYSTEMPATH\Common.php(1178): CodeIgniter\View\View->render('/home', [], true)
 3 APPPATH\Controllers\Pages.php(9): view('/home')
 4 SYSTEMPATH\CodeIgniter.php(941): App\Controllers\Pages->home()
 5 SYSTEMPATH\CodeIgniter.php(502): CodeIgniter\CodeIgniter->runController(Object(App\Controllers\Pages))
 6 SYSTEMPATH\CodeIgniter.php(361): CodeIgniter\CodeIgniter->handleRequest(null, Object(Config\Cache), false)
 7 FCPATH\index.php(79): CodeIgniter\CodeIgniter->run()
 8 SYSTEMPATH\Commands\Server\rewrite.php(47): require_once('D:\\MATKUL PRAKTEK\\Semester 4\\PBF\\ci-news\\public\\index.php')
CRITICAL - 2024-03-10 05:19:07 --> ErrorException: Undefined variable $tittle
in APPPATH\Views\layout\Header.php on line 11.
 1 APPPATH\Views\layout\Header.php(11): CodeIgniter\Debug\Exceptions->errorHandler(2, 'Undefined variable $tittle', 'D:\\MATKUL PRAKTEK\\Semester 4\\PBF\\ci-news\\app\\Views\\layout\\Header.php', 11)
 2 SYSTEMPATH\View\View.php(228): include('D:\\MATKUL PRAKTEK\\Semester 4\\PBF\\ci-news\\app\\Views\\layout\\Header.php')
 3 SYSTEMPATH\View\View.php(231): CodeIgniter\View\View->CodeIgniter\View\{closure}()
 4 SYSTEMPATH\Common.php(1178): CodeIgniter\View\View->render('layout/header', [], true)
 5 APPPATH\Controllers\Pages.php(12): view('layout/header', [...])
 6 SYSTEMPATH\CodeIgniter.php(941): App\Controllers\Pages->home()
 7 SYSTEMPATH\CodeIgniter.php(502): CodeIgniter\CodeIgniter->runController(Object(App\Controllers\Pages))
 8 SYSTEMPATH\CodeIgniter.php(361): CodeIgniter\CodeIgniter->handleRequest(null, Object(Config\Cache), false)
 9 FCPATH\index.php(79): CodeIgniter\CodeIgniter->run()
10 SYSTEMPATH\Commands\Server\rewrite.php(47): require_once('D:\\MATKUL PRAKTEK\\Semester 4\\PBF\\ci-news\\public\\index.php')
CRITICAL - 2024-03-10 05:20:55 --> ErrorException: Undefined variable $tittle
in APPPATH\Views\layout\Header.php on line 11.
 1 APPPATH\Views\layout\Header.php(11): CodeIgniter\Debug\Exceptions->errorHandler(2, 'Undefined variable $tittle', 'D:\\MATKUL PRAKTEK\\Semester 4\\PBF\\ci-news\\app\\Views\\layout\\Header.php', 11)
 2 SYSTEMPATH\View\View.php(228): include('D:\\MATKUL PRAKTEK\\Semester 4\\PBF\\ci-news\\app\\Views\\layout\\Header.php')
 3 SYSTEMPATH\View\View.php(231): CodeIgniter\View\View->CodeIgniter\View\{closure}()
 4 SYSTEMPATH\Common.php(1178): CodeIgniter\View\View->render('layout/header', [], true)
 5 APPPATH\Controllers\Pages.php(12): view('layout/header', [...])
 6 SYSTEMPATH\CodeIgniter.php(941): App\Controllers\Pages->home()
 7 SYSTEMPATH\CodeIgniter.php(502): CodeIgniter\CodeIgniter->runController(Object(App\Controllers\Pages))
 8 SYSTEMPATH\CodeIgniter.php(361): CodeIgniter\CodeIgniter->handleRequest(null, Object(Config\Cache), false)
 9 FCPATH\index.php(79): CodeIgniter\CodeIgniter->run()
10 SYSTEMPATH\Commands\Server\rewrite.php(47): require_once('D:\\MATKUL PRAKTEK\\Semester 4\\PBF\\ci-news\\public\\index.php')
CRITICAL - 2024-03-10 05:21:14 --> ErrorException: Undefined variable $title
in APPPATH\Views\layout\Header.php on line 11.
 1 APPPATH\Views\layout\Header.php(11): CodeIgniter\Debug\Exceptions->errorHandler(2, 'Undefined variable $title', 'D:\\MATKUL PRAKTEK\\Semester 4\\PBF\\ci-news\\app\\Views\\layout\\Header.php', 11)
 2 SYSTEMPATH\View\View.php(228): include('D:\\MATKUL PRAKTEK\\Semester 4\\PBF\\ci-news\\app\\Views\\layout\\Header.php')
 3 SYSTEMPATH\View\View.php(231): CodeIgniter\View\View->CodeIgniter\View\{closure}()
 4 SYSTEMPATH\Common.php(1178): CodeIgniter\View\View->render('layout/header', [], true)
 5 APPPATH\Controllers\Pages.php(18): view('layout/header')
 6 SYSTEMPATH\CodeIgniter.php(941): App\Controllers\Pages->about()
 7 SYSTEMPATH\CodeIgniter.php(502): CodeIgniter\CodeIgniter->runController(Object(App\Controllers\Pages))
 8 SYSTEMPATH\CodeIgniter.php(361): CodeIgniter\CodeIgniter->handleRequest(null, Object(Config\Cache), false)
 9 FCPATH\index.php(79): CodeIgniter\CodeIgniter->run()
10 SYSTEMPATH\Commands\Server\rewrite.php(47): require_once('D:\\MATKUL PRAKTEK\\Semester 4\\PBF\\ci-news\\public\\index.php')
